[2025-06-10 15:07:10Z INFO HostContext] No proxy settings were found based on environmental variables (http_proxy/https_proxy/HTTP_PROXY/HTTPS_PROXY)
[2025-06-10 15:07:10Z INFO HostContext] Well known directory 'Bin': '/Users/aleksandra/Documents/DevOps/exam/actions-runner/bin'
[2025-06-10 15:07:10Z INFO HostContext] Well known directory 'Root': '/Users/aleksandra/Documents/DevOps/exam/actions-runner'
[2025-06-10 15:07:10Z INFO HostContext] Well known config file 'Credentials': '/Users/aleksandra/Documents/DevOps/exam/actions-runner/.credentials'
[2025-06-10 15:07:10Z INFO HostContext] Well known directory 'Bin': '/Users/aleksandra/Documents/DevOps/exam/actions-runner/bin'
[2025-06-10 15:07:10Z INFO HostContext] Well known directory 'Root': '/Users/aleksandra/Documents/DevOps/exam/actions-runner'
[2025-06-10 15:07:10Z INFO HostContext] Well known config file 'Runner': '/Users/aleksandra/Documents/DevOps/exam/actions-runner/.runner'
[2025-06-10 15:07:10Z INFO Listener] Runner is built for OSX (X64) - osx-x64.
[2025-06-10 15:07:10Z INFO Listener] RuntimeInformation: Darwin 23.4.0 Darwin Kernel Version 23.4.0: Fri Mar 15 00:12:41 PDT 2024; root:xnu-10063.101.17~1/RELEASE_ARM64_T8103.
[2025-06-10 15:07:11Z INFO Listener] Version: 2.325.0
[2025-06-10 15:07:11Z INFO Listener] Commit: 71ed7cd46223bd5d61633445946813012b502d54
[2025-06-10 15:07:11Z INFO Listener] Culture: en-US
[2025-06-10 15:07:11Z INFO Listener] UI Culture: en-US
[2025-06-10 15:07:11Z INFO HostContext] Well known directory 'Bin': '/Users/aleksandra/Documents/DevOps/exam/actions-runner/bin'
[2025-06-10 15:07:11Z INFO HostContext] Well known directory 'Root': '/Users/aleksandra/Documents/DevOps/exam/actions-runner'
[2025-06-10 15:07:11Z INFO Listener] Validating directory permissions for: '/Users/aleksandra/Documents/DevOps/exam/actions-runner'
[2025-06-10 15:07:11Z INFO CommandLineParser] Parse
[2025-06-10 15:07:11Z INFO CommandLineParser] Parsing 5 args
[2025-06-10 15:07:11Z INFO CommandLineParser] parsing argument
[2025-06-10 15:07:11Z INFO CommandLineParser] HasArgs: False
[2025-06-10 15:07:11Z INFO CommandLineParser] Adding Command: configure
[2025-06-10 15:07:11Z INFO CommandLineParser] parsing argument
[2025-06-10 15:07:11Z INFO CommandLineParser] HasArgs: True
[2025-06-10 15:07:11Z INFO CommandLineParser] arg: url
[2025-06-10 15:07:11Z INFO CommandLineParser] parsing argument
[2025-06-10 15:07:11Z INFO CommandLineParser] HasArgs: True
[2025-06-10 15:07:11Z INFO CommandLineParser] Adding option 'url': 'https://github.com/AleksandraVIA/via-tabloid'
[2025-06-10 15:07:11Z INFO CommandLineParser] parsing argument
[2025-06-10 15:07:11Z INFO CommandLineParser] HasArgs: True
[2025-06-10 15:07:11Z INFO CommandLineParser] arg: token
[2025-06-10 15:07:11Z INFO CommandLineParser] parsing argument
[2025-06-10 15:07:11Z INFO CommandLineParser] HasArgs: True
[2025-06-10 15:07:11Z INFO CommandLineParser] Adding option 'token': '***'
[2025-06-10 15:07:11Z INFO Listener] Arguments parsed
[2025-06-10 15:07:11Z INFO Runner] ExecuteCommand
[2025-06-10 15:07:11Z INFO ConfigurationStore] currentAssemblyLocation: /Users/aleksandra/Documents/DevOps/exam/actions-runner/bin/Runner.Listener.dll
[2025-06-10 15:07:11Z INFO HostContext] Well known directory 'Bin': '/Users/aleksandra/Documents/DevOps/exam/actions-runner/bin'
[2025-06-10 15:07:11Z INFO ConfigurationStore] binPath: /Users/aleksandra/Documents/DevOps/exam/actions-runner/bin
[2025-06-10 15:07:11Z INFO HostContext] Well known directory 'Bin': '/Users/aleksandra/Documents/DevOps/exam/actions-runner/bin'
[2025-06-10 15:07:11Z INFO HostContext] Well known directory 'Root': '/Users/aleksandra/Documents/DevOps/exam/actions-runner'
[2025-06-10 15:07:11Z INFO ConfigurationStore] RootFolder: /Users/aleksandra/Documents/DevOps/exam/actions-runner
[2025-06-10 15:07:11Z INFO HostContext] Well known directory 'Bin': '/Users/aleksandra/Documents/DevOps/exam/actions-runner/bin'
[2025-06-10 15:07:11Z INFO HostContext] Well known directory 'Root': '/Users/aleksandra/Documents/DevOps/exam/actions-runner'
[2025-06-10 15:07:11Z INFO HostContext] Well known config file 'Runner': '/Users/aleksandra/Documents/DevOps/exam/actions-runner/.runner'
[2025-06-10 15:07:11Z INFO ConfigurationStore] ConfigFilePath: /Users/aleksandra/Documents/DevOps/exam/actions-runner/.runner
[2025-06-10 15:07:11Z INFO HostContext] Well known directory 'Bin': '/Users/aleksandra/Documents/DevOps/exam/actions-runner/bin'
[2025-06-10 15:07:11Z INFO HostContext] Well known directory 'Root': '/Users/aleksandra/Documents/DevOps/exam/actions-runner'
[2025-06-10 15:07:11Z INFO HostContext] Well known config file 'MigratedRunner': '/Users/aleksandra/Documents/DevOps/exam/actions-runner/.runner_migrated'
[2025-06-10 15:07:11Z INFO ConfigurationStore] MigratedConfigFilePath: /Users/aleksandra/Documents/DevOps/exam/actions-runner/.runner_migrated
[2025-06-10 15:07:11Z INFO HostContext] Well known directory 'Bin': '/Users/aleksandra/Documents/DevOps/exam/actions-runner/bin'
[2025-06-10 15:07:11Z INFO HostContext] Well known directory 'Root': '/Users/aleksandra/Documents/DevOps/exam/actions-runner'
[2025-06-10 15:07:11Z INFO HostContext] Well known config file 'Credentials': '/Users/aleksandra/Documents/DevOps/exam/actions-runner/.credentials'
[2025-06-10 15:07:11Z INFO ConfigurationStore] CredFilePath: /Users/aleksandra/Documents/DevOps/exam/actions-runner/.credentials
[2025-06-10 15:07:11Z INFO HostContext] Well known directory 'Bin': '/Users/aleksandra/Documents/DevOps/exam/actions-runner/bin'
[2025-06-10 15:07:11Z INFO HostContext] Well known directory 'Root': '/Users/aleksandra/Documents/DevOps/exam/actions-runner'
[2025-06-10 15:07:11Z INFO HostContext] Well known config file 'MigratedCredentials': '/Users/aleksandra/Documents/DevOps/exam/actions-runner/.credentials_migrated'
[2025-06-10 15:07:11Z INFO ConfigurationStore] MigratedCredFilePath: /Users/aleksandra/Documents/DevOps/exam/actions-runner/.credentials_migrated
[2025-06-10 15:07:11Z INFO HostContext] Well known directory 'Bin': '/Users/aleksandra/Documents/DevOps/exam/actions-runner/bin'
[2025-06-10 15:07:11Z INFO HostContext] Well known directory 'Root': '/Users/aleksandra/Documents/DevOps/exam/actions-runner'
[2025-06-10 15:07:11Z INFO HostContext] Well known config file 'Service': '/Users/aleksandra/Documents/DevOps/exam/actions-runner/.service'
[2025-06-10 15:07:11Z INFO ConfigurationStore] ServiceConfigFilePath: /Users/aleksandra/Documents/DevOps/exam/actions-runner/.service
[2025-06-10 15:07:11Z INFO CommandSettings] Flag 'help': 'False'
[2025-06-10 15:07:11Z INFO CommandSettings] Flag 'version': 'False'
[2025-06-10 15:07:11Z INFO CommandSettings] Flag 'commit': 'False'
[2025-06-10 15:07:11Z INFO CommandSettings] Flag 'check': 'False'
[2025-06-10 15:07:11Z INFO CommandSettings] Command 'configure': 'True'
[2025-06-10 15:07:11Z INFO Terminal] WRITE LINE: 
[2025-06-10 15:07:11Z INFO Terminal] WRITE LINE: --------------------------------------------------------------------------------
[2025-06-10 15:07:11Z INFO Terminal] WRITE LINE: |        ____ _ _   _   _       _          _        _   _                      |
[2025-06-10 15:07:11Z INFO Terminal] WRITE LINE: |       / ___(_) |_| | | |_   _| |__      / \   ___| |_(_) ___  _ __  ___      |
[2025-06-10 15:07:11Z INFO Terminal] WRITE LINE: |      | |  _| | __| |_| | | | | '_ \    / _ \ / __| __| |/ _ \| '_ \/ __|     |
[2025-06-10 15:07:11Z INFO Terminal] WRITE LINE: |      | |_| | | |_|  _  | |_| | |_) |  / ___ \ (__| |_| | (_) | | | \__ \     |
[2025-06-10 15:07:11Z INFO Terminal] WRITE LINE: |       \____|_|\__|_| |_|\__,_|_.__/  /_/   \_\___|\__|_|\___/|_| |_|___/     |
[2025-06-10 15:07:11Z INFO Terminal] WRITE LINE: |                                                                              |
[2025-06-10 15:07:11Z INFO Terminal] WRITE: |                       
[2025-06-10 15:07:11Z INFO Terminal] WRITE: Self-hosted runner registration
[2025-06-10 15:07:11Z INFO Terminal] WRITE LINE:                         |
[2025-06-10 15:07:11Z INFO Terminal] WRITE LINE: |                                                                              |
[2025-06-10 15:07:11Z INFO Terminal] WRITE LINE: --------------------------------------------------------------------------------
[2025-06-10 15:07:11Z INFO ConfigurationManager] ConfigureAsync
[2025-06-10 15:07:11Z INFO CommandSettings] Flag 'generateServiceConfig': 'False'
[2025-06-10 15:07:11Z INFO ConfigurationStore] IsConfigured()
[2025-06-10 15:07:11Z INFO ConfigurationStore] IsConfigured: False
[2025-06-10 15:07:11Z INFO ConfigurationManager] Is configured: False
[2025-06-10 15:07:11Z INFO CommandSettings] Arg 'url': 'https://github.com/AleksandraVIA/via-tabloid'
[2025-06-10 15:07:11Z INFO CommandSettings] Remove url from Arg dictionary.
[2025-06-10 15:07:11Z INFO CommandSettings] Arg 'token': '***'
[2025-06-10 15:07:11Z INFO CommandSettings] Remove token from Arg dictionary.
[2025-06-10 15:07:16Z INFO ConfigurationManager] Http response code: OK from 'POST https://api.github.com/actions/runner-registration' (C589:1DD66E:50E3588:5342AE5:68484A23)
[2025-06-10 15:07:16Z INFO ConfigurationManager] Using V2 flow: False
[2025-06-10 15:07:16Z INFO ConfigurationManager] cred retrieved via GitHub auth
[2025-06-10 15:07:16Z INFO RunnerServer] EstablishVssConnection
[2025-06-10 15:07:16Z INFO RunnerServer] Establish connection with 100 seconds timeout.
[2025-06-10 15:07:17Z INFO GitHubActionsService] Starting operation Location.GetConnectionData
[2025-06-10 15:07:17Z INFO RunnerServer] EstablishVssConnection
[2025-06-10 15:07:17Z INFO RunnerServer] Establish connection with 60 seconds timeout.
[2025-06-10 15:07:17Z INFO GitHubActionsService] Starting operation Location.GetConnectionData
[2025-06-10 15:07:17Z INFO RunnerServer] EstablishVssConnection
[2025-06-10 15:07:17Z INFO RunnerServer] Establish connection with 60 seconds timeout.
[2025-06-10 15:07:17Z INFO GitHubActionsService] Starting operation Location.GetConnectionData
[2025-06-10 15:07:18Z INFO GitHubActionsService] Finished operation Location.GetConnectionData
[2025-06-10 15:07:18Z INFO GitHubActionsService] Finished operation Location.GetConnectionData
[2025-06-10 15:07:18Z INFO GitHubActionsService] Finished operation Location.GetConnectionData
[2025-06-10 15:07:18Z INFO Terminal] WRITE LINE: 
[2025-06-10 15:07:18Z INFO ConfigurationManager] Test Connection complete.
[2025-06-10 15:07:18Z INFO HostContext] Well known directory 'Bin': '/Users/aleksandra/Documents/DevOps/exam/actions-runner/bin'
[2025-06-10 15:07:18Z INFO HostContext] Well known directory 'Root': '/Users/aleksandra/Documents/DevOps/exam/actions-runner'
[2025-06-10 15:07:18Z INFO HostContext] Well known config file 'RSACredentials': '/Users/aleksandra/Documents/DevOps/exam/actions-runner/.credentials_rsaparams'
[2025-06-10 15:07:18Z INFO RSAFileKeyManager] Creating new RSA key using 2048-bit key length
[2025-06-10 15:07:19Z INFO RSAFileKeyManager] Successfully saved RSA key parameters to file /Users/aleksandra/Documents/DevOps/exam/actions-runner/.credentials_rsaparams
[2025-06-10 15:07:19Z INFO RSAFileKeyManager] Which2: 'chmod'
[2025-06-10 15:07:19Z INFO RSAFileKeyManager] Location: '/bin/chmod'
[2025-06-10 15:07:19Z INFO HostContext] Well known directory 'Bin': '/Users/aleksandra/Documents/DevOps/exam/actions-runner/bin'
[2025-06-10 15:07:19Z INFO HostContext] Well known directory 'Root': '/Users/aleksandra/Documents/DevOps/exam/actions-runner'
[2025-06-10 15:07:19Z INFO ProcessInvokerWrapper] Starting process:
[2025-06-10 15:07:19Z INFO ProcessInvokerWrapper]   File name: '/bin/chmod'
[2025-06-10 15:07:19Z INFO ProcessInvokerWrapper]   Arguments: '600 /Users/aleksandra/Documents/DevOps/exam/actions-runner/.credentials_rsaparams'
[2025-06-10 15:07:19Z INFO ProcessInvokerWrapper]   Working directory: '/Users/aleksandra/Documents/DevOps/exam/actions-runner'
[2025-06-10 15:07:19Z INFO ProcessInvokerWrapper]   Require exit code zero: 'False'
[2025-06-10 15:07:19Z INFO ProcessInvokerWrapper]   Encoding web name:  ; code page: ''
[2025-06-10 15:07:19Z INFO ProcessInvokerWrapper]   Force kill process on cancellation: 'False'
[2025-06-10 15:07:19Z INFO ProcessInvokerWrapper]   Redirected STDIN: 'False'
[2025-06-10 15:07:19Z INFO ProcessInvokerWrapper]   Persist current code page: 'False'
[2025-06-10 15:07:19Z INFO ProcessInvokerWrapper]   Keep redirected STDIN open: 'False'
[2025-06-10 15:07:19Z INFO ProcessInvokerWrapper]   High priority process: 'False'
[2025-06-10 15:07:19Z INFO ProcessInvokerWrapper] Process started with process id 25978, waiting for process exit.
[2025-06-10 15:07:19Z INFO ProcessInvokerWrapper] STDOUT/STDERR stream read finished.
[2025-06-10 15:07:19Z INFO ProcessInvokerWrapper] STDOUT/STDERR stream read finished.
[2025-06-10 15:07:19Z INFO ProcessInvokerWrapper] Finished process 25978 with exit code 0, and elapsed time 00:00:00.4890099.
[2025-06-10 15:07:19Z INFO RSAFileKeyManager] Successfully set permissions for RSA key parameters file /Users/aleksandra/Documents/DevOps/exam/actions-runner/.credentials_rsaparams
[2025-06-10 15:07:20Z INFO CommandSettings] Arg 'runnergroup': ''
[2025-06-10 15:07:20Z INFO CommandSettings] Flag 'unattended': 'False'
[2025-06-10 15:07:20Z INFO PromptManager] ReadValue
[2025-06-10 15:07:20Z INFO Terminal] WRITE: Enter the name of the runner group to add this runner to: 
[2025-06-10 15:07:20Z INFO Terminal] WRITE: [press Enter for Default] 
[2025-06-10 15:07:20Z INFO Terminal] READ LINE
[2025-06-10 15:07:20Z INFO Terminal] Read value: './run.sh'
[2025-06-10 15:07:20Z INFO Terminal] WRITE LINE: 
[2025-06-10 15:07:20Z ERR  Runner] GitHub.DistributedTask.WebApi.TaskAgentPoolNotFoundException: Could not find any self-hosted runner group named "./run.sh".
   at GitHub.Runner.Listener.Configuration.ConfigurationManager.ConfigureAsync(CommandSettings command)
   at GitHub.Runner.Listener.Runner.ExecuteCommand(CommandSettings command)
[2025-06-10 15:07:20Z ERR  Terminal] WRITE ERROR: Could not find any self-hosted runner group named "./run.sh".
[2025-06-10 15:07:20Z INFO Listener] Runner execution has finished with return code 1
