[2025-06-10 15:08:12Z INFO HostContext] No proxy settings were found based on environmental variables (http_proxy/https_proxy/HTTP_PROXY/HTTPS_PROXY)
[2025-06-10 15:08:12Z INFO HostContext] Well known directory 'Bin': '/Users/aleksandra/Documents/DevOps/exam/actions-runner/bin'
[2025-06-10 15:08:12Z INFO HostContext] Well known directory 'Root': '/Users/aleksandra/Documents/DevOps/exam/actions-runner'
[2025-06-10 15:08:12Z INFO HostContext] Well known config file 'Credentials': '/Users/aleksandra/Documents/DevOps/exam/actions-runner/.credentials'
[2025-06-10 15:08:12Z INFO HostContext] Well known directory 'Bin': '/Users/aleksandra/Documents/DevOps/exam/actions-runner/bin'
[2025-06-10 15:08:12Z INFO HostContext] Well known directory 'Root': '/Users/aleksandra/Documents/DevOps/exam/actions-runner'
[2025-06-10 15:08:12Z INFO HostContext] Well known config file 'Runner': '/Users/aleksandra/Documents/DevOps/exam/actions-runner/.runner'
[2025-06-10 15:08:12Z INFO Listener] Runner is built for OSX (X64) - osx-x64.
[2025-06-10 15:08:12Z INFO Listener] RuntimeInformation: Darwin 23.4.0 Darwin Kernel Version 23.4.0: Fri Mar 15 00:12:41 PDT 2024; root:xnu-10063.101.17~1/RELEASE_ARM64_T8103.
[2025-06-10 15:08:12Z INFO Listener] Version: 2.325.0
[2025-06-10 15:08:12Z INFO Listener] Commit: 71ed7cd46223bd5d61633445946813012b502d54
[2025-06-10 15:08:12Z INFO Listener] Culture: en-US
[2025-06-10 15:08:12Z INFO Listener] UI Culture: en-US
[2025-06-10 15:08:12Z INFO HostContext] Well known directory 'Bin': '/Users/aleksandra/Documents/DevOps/exam/actions-runner/bin'
[2025-06-10 15:08:12Z INFO HostContext] Well known directory 'Root': '/Users/aleksandra/Documents/DevOps/exam/actions-runner'
[2025-06-10 15:08:12Z INFO Listener] Validating directory permissions for: '/Users/aleksandra/Documents/DevOps/exam/actions-runner'
[2025-06-10 15:08:12Z INFO CommandLineParser] Parse
[2025-06-10 15:08:12Z INFO CommandLineParser] Parsing 1 args
[2025-06-10 15:08:12Z INFO CommandLineParser] parsing argument
[2025-06-10 15:08:12Z INFO CommandLineParser] HasArgs: False
[2025-06-10 15:08:12Z INFO CommandLineParser] Adding Command: run
[2025-06-10 15:08:12Z INFO Listener] Arguments parsed
[2025-06-10 15:08:12Z INFO Runner] ExecuteCommand
[2025-06-10 15:08:12Z INFO ConfigurationStore] currentAssemblyLocation: /Users/aleksandra/Documents/DevOps/exam/actions-runner/bin/Runner.Listener.dll
[2025-06-10 15:08:12Z INFO HostContext] Well known directory 'Bin': '/Users/aleksandra/Documents/DevOps/exam/actions-runner/bin'
[2025-06-10 15:08:12Z INFO ConfigurationStore] binPath: /Users/aleksandra/Documents/DevOps/exam/actions-runner/bin
[2025-06-10 15:08:12Z INFO HostContext] Well known directory 'Bin': '/Users/aleksandra/Documents/DevOps/exam/actions-runner/bin'
[2025-06-10 15:08:12Z INFO HostContext] Well known directory 'Root': '/Users/aleksandra/Documents/DevOps/exam/actions-runner'
[2025-06-10 15:08:12Z INFO ConfigurationStore] RootFolder: /Users/aleksandra/Documents/DevOps/exam/actions-runner
[2025-06-10 15:08:12Z INFO HostContext] Well known directory 'Bin': '/Users/aleksandra/Documents/DevOps/exam/actions-runner/bin'
[2025-06-10 15:08:12Z INFO HostContext] Well known directory 'Root': '/Users/aleksandra/Documents/DevOps/exam/actions-runner'
[2025-06-10 15:08:12Z INFO HostContext] Well known config file 'Runner': '/Users/aleksandra/Documents/DevOps/exam/actions-runner/.runner'
[2025-06-10 15:08:12Z INFO ConfigurationStore] ConfigFilePath: /Users/aleksandra/Documents/DevOps/exam/actions-runner/.runner
[2025-06-10 15:08:12Z INFO HostContext] Well known directory 'Bin': '/Users/aleksandra/Documents/DevOps/exam/actions-runner/bin'
[2025-06-10 15:08:12Z INFO HostContext] Well known directory 'Root': '/Users/aleksandra/Documents/DevOps/exam/actions-runner'
[2025-06-10 15:08:12Z INFO HostContext] Well known config file 'MigratedRunner': '/Users/aleksandra/Documents/DevOps/exam/actions-runner/.runner_migrated'
[2025-06-10 15:08:12Z INFO ConfigurationStore] MigratedConfigFilePath: /Users/aleksandra/Documents/DevOps/exam/actions-runner/.runner_migrated
[2025-06-10 15:08:12Z INFO HostContext] Well known directory 'Bin': '/Users/aleksandra/Documents/DevOps/exam/actions-runner/bin'
[2025-06-10 15:08:12Z INFO HostContext] Well known directory 'Root': '/Users/aleksandra/Documents/DevOps/exam/actions-runner'
[2025-06-10 15:08:12Z INFO HostContext] Well known config file 'Credentials': '/Users/aleksandra/Documents/DevOps/exam/actions-runner/.credentials'
[2025-06-10 15:08:12Z INFO ConfigurationStore] CredFilePath: /Users/aleksandra/Documents/DevOps/exam/actions-runner/.credentials
[2025-06-10 15:08:12Z INFO HostContext] Well known directory 'Bin': '/Users/aleksandra/Documents/DevOps/exam/actions-runner/bin'
[2025-06-10 15:08:12Z INFO HostContext] Well known directory 'Root': '/Users/aleksandra/Documents/DevOps/exam/actions-runner'
[2025-06-10 15:08:12Z INFO HostContext] Well known config file 'MigratedCredentials': '/Users/aleksandra/Documents/DevOps/exam/actions-runner/.credentials_migrated'
[2025-06-10 15:08:12Z INFO ConfigurationStore] MigratedCredFilePath: /Users/aleksandra/Documents/DevOps/exam/actions-runner/.credentials_migrated
[2025-06-10 15:08:12Z INFO HostContext] Well known directory 'Bin': '/Users/aleksandra/Documents/DevOps/exam/actions-runner/bin'
[2025-06-10 15:08:12Z INFO HostContext] Well known directory 'Root': '/Users/aleksandra/Documents/DevOps/exam/actions-runner'
[2025-06-10 15:08:12Z INFO HostContext] Well known config file 'Service': '/Users/aleksandra/Documents/DevOps/exam/actions-runner/.service'
[2025-06-10 15:08:12Z INFO ConfigurationStore] ServiceConfigFilePath: /Users/aleksandra/Documents/DevOps/exam/actions-runner/.service
[2025-06-10 15:08:12Z INFO CommandSettings] Flag 'help': 'False'
[2025-06-10 15:08:12Z INFO CommandSettings] Flag 'version': 'False'
[2025-06-10 15:08:12Z INFO CommandSettings] Flag 'commit': 'False'
[2025-06-10 15:08:12Z INFO CommandSettings] Flag 'check': 'False'
[2025-06-10 15:08:12Z INFO CommandSettings] Command 'configure': 'False'
[2025-06-10 15:08:12Z INFO CommandSettings] Command 'remove': 'False'
[2025-06-10 15:08:12Z INFO CommandSettings] Command 'warmup': 'False'
[2025-06-10 15:08:12Z INFO ConfigurationManager] LoadSettings
[2025-06-10 15:08:12Z INFO ConfigurationStore] IsConfigured()
[2025-06-10 15:08:12Z INFO ConfigurationStore] IsConfigured: False
[2025-06-10 15:08:12Z INFO ConfigurationManager] Is configured: False
[2025-06-10 15:08:12Z ERR  Terminal] WRITE ERROR: An error occurred: Not configured. Run config.(sh/cmd) to configure the runner.
[2025-06-10 15:08:12Z ERR  Listener] GitHub.Runner.Common.NonRetryableException: Not configured. Run config.(sh/cmd) to configure the runner.
   at GitHub.Runner.Listener.Configuration.ConfigurationManager.LoadSettings()
   at GitHub.Runner.Listener.Runner.ExecuteCommand(CommandSettings command)
   at GitHub.Runner.Listener.Program.MainAsync(IHostContext context, String[] args)
